ARM GAS  /tmp/ccXCETuE.s 			page 1


   1              		.cpu cortex-m7
   2              		.eabi_attribute 28, 1
   3              		.eabi_attribute 20, 1
   4              		.eabi_attribute 21, 1
   5              		.eabi_attribute 23, 3
   6              		.eabi_attribute 24, 1
   7              		.eabi_attribute 25, 1
   8              		.eabi_attribute 26, 1
   9              		.eabi_attribute 30, 1
  10              		.eabi_attribute 34, 1
  11              		.eabi_attribute 18, 4
  12              		.file	"stm32f7xx_hal_tim.c"
  13              		.text
  14              	.Ltext0:
  15              		.cfi_sections	.debug_frame
  16              	.Letext0:
  17              		.file 1 "/home/tsm/ws/prj/cep/project-saturn/software/ctb/gcc-arm-none-eabi-8-2018-q4-major/arm-no
  18              		.file 2 "/home/tsm/ws/prj/cep/project-saturn/software/ctb/gcc-arm-none-eabi-8-2018-q4-major/arm-no
  19              		.file 3 "Drivers/CMSIS/Include/core_cm7.h"
  20              		.file 4 "Drivers/CMSIS/Device/ST/STM32F7xx/Include/system_stm32f7xx.h"
  21              		.file 5 "/home/tsm/ws/prj/cep/project-saturn/software/ctb/gcc-arm-none-eabi-8-2018-q4-major/arm-no
  22              		.file 6 "/home/tsm/ws/prj/cep/project-saturn/software/ctb/gcc-arm-none-eabi-8-2018-q4-major/arm-no
  23              		.file 7 "/home/tsm/ws/prj/cep/project-saturn/software/ctb/gcc-arm-none-eabi-8-2018-q4-major/lib/gc
  24              		.file 8 "/home/tsm/ws/prj/cep/project-saturn/software/ctb/gcc-arm-none-eabi-8-2018-q4-major/arm-no
ARM GAS  /tmp/ccXCETuE.s 			page 2


DEFINED SYMBOLS
                            *ABS*:0000000000000000 stm32f7xx_hal_tim.c

NO UNDEFINED SYMBOLS
