ARM GAS  /tmp/ccWthUEl.s 			page 1


   1              		.cpu cortex-m7
   2              		.eabi_attribute 28, 1
   3              		.eabi_attribute 20, 1
   4              		.eabi_attribute 21, 1
   5              		.eabi_attribute 23, 3
   6              		.eabi_attribute 24, 1
   7              		.eabi_attribute 25, 1
   8              		.eabi_attribute 26, 1
   9              		.eabi_attribute 30, 1
  10              		.eabi_attribute 34, 1
  11              		.eabi_attribute 18, 4
  12              		.file	"stm32f7xx_hal_i2c_ex.c"
  13              		.text
  14              	.Ltext0:
  15              		.cfi_sections	.debug_frame
  16              		.section	.text.HAL_I2CEx_ConfigAnalogFilter,"ax",%progbits
  17              		.align	1
  18              		.global	HAL_I2CEx_ConfigAnalogFilter
  19              		.arch armv7e-m
  20              		.syntax unified
  21              		.thumb
  22              		.thumb_func
  23              		.fpu fpv5-d16
  25              	HAL_I2CEx_ConfigAnalogFilter:
  26              	.LVL0:
  27              	.LFB138:
  28              		.file 1 "Drivers/STM32F7xx_HAL_Driver/Src/stm32f7xx_hal_i2c_ex.c"
   1:Drivers/STM32F7xx_HAL_Driver/Src/stm32f7xx_hal_i2c_ex.c **** /**
   2:Drivers/STM32F7xx_HAL_Driver/Src/stm32f7xx_hal_i2c_ex.c ****   ******************************************************************************
   3:Drivers/STM32F7xx_HAL_Driver/Src/stm32f7xx_hal_i2c_ex.c ****   * @file    stm32f7xx_hal_i2c_ex.c
   4:Drivers/STM32F7xx_HAL_Driver/Src/stm32f7xx_hal_i2c_ex.c ****   * @author  MCD Application Team
   5:Drivers/STM32F7xx_HAL_Driver/Src/stm32f7xx_hal_i2c_ex.c ****   * @brief   I2C Extended HAL module driver.
   6:Drivers/STM32F7xx_HAL_Driver/Src/stm32f7xx_hal_i2c_ex.c ****   *          This file provides firmware functions to manage the following
   7:Drivers/STM32F7xx_HAL_Driver/Src/stm32f7xx_hal_i2c_ex.c ****   *          functionalities of I2C Extended peripheral:
   8:Drivers/STM32F7xx_HAL_Driver/Src/stm32f7xx_hal_i2c_ex.c ****   *           + Extended features functions
   9:Drivers/STM32F7xx_HAL_Driver/Src/stm32f7xx_hal_i2c_ex.c ****   *
  10:Drivers/STM32F7xx_HAL_Driver/Src/stm32f7xx_hal_i2c_ex.c ****   @verbatim
  11:Drivers/STM32F7xx_HAL_Driver/Src/stm32f7xx_hal_i2c_ex.c ****   ==============================================================================
  12:Drivers/STM32F7xx_HAL_Driver/Src/stm32f7xx_hal_i2c_ex.c ****                ##### I2C peripheral Extended features  #####
  13:Drivers/STM32F7xx_HAL_Driver/Src/stm32f7xx_hal_i2c_ex.c ****   ==============================================================================
  14:Drivers/STM32F7xx_HAL_Driver/Src/stm32f7xx_hal_i2c_ex.c **** 
  15:Drivers/STM32F7xx_HAL_Driver/Src/stm32f7xx_hal_i2c_ex.c ****   [..] Comparing to other previous devices, the I2C interface for STM32F7xx
  16:Drivers/STM32F7xx_HAL_Driver/Src/stm32f7xx_hal_i2c_ex.c ****        devices contains the following additional features
  17:Drivers/STM32F7xx_HAL_Driver/Src/stm32f7xx_hal_i2c_ex.c **** 
  18:Drivers/STM32F7xx_HAL_Driver/Src/stm32f7xx_hal_i2c_ex.c ****        (+) Possibility to disable or enable Analog Noise Filter
  19:Drivers/STM32F7xx_HAL_Driver/Src/stm32f7xx_hal_i2c_ex.c ****        (+) Use of a configured Digital Noise Filter
  20:Drivers/STM32F7xx_HAL_Driver/Src/stm32f7xx_hal_i2c_ex.c ****        (+) Disable or enable Fast Mode Plus
  21:Drivers/STM32F7xx_HAL_Driver/Src/stm32f7xx_hal_i2c_ex.c **** 
  22:Drivers/STM32F7xx_HAL_Driver/Src/stm32f7xx_hal_i2c_ex.c ****                      ##### How to use this driver #####
  23:Drivers/STM32F7xx_HAL_Driver/Src/stm32f7xx_hal_i2c_ex.c ****   ==============================================================================
  24:Drivers/STM32F7xx_HAL_Driver/Src/stm32f7xx_hal_i2c_ex.c ****   [..] This driver provides functions to:
  25:Drivers/STM32F7xx_HAL_Driver/Src/stm32f7xx_hal_i2c_ex.c ****     (#) Configure I2C Analog noise filter using the function HAL_I2CEx_ConfigAnalogFilter()
  26:Drivers/STM32F7xx_HAL_Driver/Src/stm32f7xx_hal_i2c_ex.c ****     (#) Configure I2C Digital noise filter using the function HAL_I2CEx_ConfigDigitalFilter()
  27:Drivers/STM32F7xx_HAL_Driver/Src/stm32f7xx_hal_i2c_ex.c ****     (#) Configure the enable or disable of fast mode plus driving capability using the functions :
  28:Drivers/STM32F7xx_HAL_Driver/Src/stm32f7xx_hal_i2c_ex.c ****           (++) HAL_I2CEx_EnableFastModePlus()
  29:Drivers/STM32F7xx_HAL_Driver/Src/stm32f7xx_hal_i2c_ex.c ****           (++) HAL_I2CEx_DisableFastModePlus()
  30:Drivers/STM32F7xx_HAL_Driver/Src/stm32f7xx_hal_i2c_ex.c ****   @endverbatim
ARM GAS  /tmp/ccWthUEl.s 			page 2


  31:Drivers/STM32F7xx_HAL_Driver/Src/stm32f7xx_hal_i2c_ex.c ****   ******************************************************************************
  32:Drivers/STM32F7xx_HAL_Driver/Src/stm32f7xx_hal_i2c_ex.c ****   * @attention
  33:Drivers/STM32F7xx_HAL_Driver/Src/stm32f7xx_hal_i2c_ex.c ****   *
  34:Drivers/STM32F7xx_HAL_Driver/Src/stm32f7xx_hal_i2c_ex.c ****   * <h2><center>&copy; COPYRIGHT(c) 2017 STMicroelectronics</center></h2>
  35:Drivers/STM32F7xx_HAL_Driver/Src/stm32f7xx_hal_i2c_ex.c ****   *
  36:Drivers/STM32F7xx_HAL_Driver/Src/stm32f7xx_hal_i2c_ex.c ****   * Redistribution and use in source and binary forms, with or without modification,
  37:Drivers/STM32F7xx_HAL_Driver/Src/stm32f7xx_hal_i2c_ex.c ****   * are permitted provided that the following conditions are met:
  38:Drivers/STM32F7xx_HAL_Driver/Src/stm32f7xx_hal_i2c_ex.c ****   *   1. Redistributions of source code must retain the above copyright notice,
  39:Drivers/STM32F7xx_HAL_Driver/Src/stm32f7xx_hal_i2c_ex.c ****   *      this list of conditions and the following disclaimer.
  40:Drivers/STM32F7xx_HAL_Driver/Src/stm32f7xx_hal_i2c_ex.c ****   *   2. Redistributions in binary form must reproduce the above copyright notice,
  41:Drivers/STM32F7xx_HAL_Driver/Src/stm32f7xx_hal_i2c_ex.c ****   *      this list of conditions and the following disclaimer in the documentation
  42:Drivers/STM32F7xx_HAL_Driver/Src/stm32f7xx_hal_i2c_ex.c ****   *      and/or other materials provided with the distribution.
  43:Drivers/STM32F7xx_HAL_Driver/Src/stm32f7xx_hal_i2c_ex.c ****   *   3. Neither the name of STMicroelectronics nor the names of its contributors
  44:Drivers/STM32F7xx_HAL_Driver/Src/stm32f7xx_hal_i2c_ex.c ****   *      may be used to endorse or promote products derived from this software
  45:Drivers/STM32F7xx_HAL_Driver/Src/stm32f7xx_hal_i2c_ex.c ****   *      without specific prior written permission.
  46:Drivers/STM32F7xx_HAL_Driver/Src/stm32f7xx_hal_i2c_ex.c ****   *
  47:Drivers/STM32F7xx_HAL_Driver/Src/stm32f7xx_hal_i2c_ex.c ****   * THIS SOFTWARE IS PROVIDED BY THE COPYRIGHT HOLDERS AND CONTRIBUTORS "AS IS"
  48:Drivers/STM32F7xx_HAL_Driver/Src/stm32f7xx_hal_i2c_ex.c ****   * AND ANY EXPRESS OR IMPLIED WARRANTIES, INCLUDING, BUT NOT LIMITED TO, THE
  49:Drivers/STM32F7xx_HAL_Driver/Src/stm32f7xx_hal_i2c_ex.c ****   * IMPLIED WARRANTIES OF MERCHANTABILITY AND FITNESS FOR A PARTICULAR PURPOSE ARE
  50:Drivers/STM32F7xx_HAL_Driver/Src/stm32f7xx_hal_i2c_ex.c ****   * DISCLAIMED. IN NO EVENT SHALL THE COPYRIGHT HOLDER OR CONTRIBUTORS BE LIABLE
  51:Drivers/STM32F7xx_HAL_Driver/Src/stm32f7xx_hal_i2c_ex.c ****   * FOR ANY DIRECT, INDIRECT, INCIDENTAL, SPECIAL, EXEMPLARY, OR CONSEQUENTIAL
  52:Drivers/STM32F7xx_HAL_Driver/Src/stm32f7xx_hal_i2c_ex.c ****   * DAMAGES (INCLUDING, BUT NOT LIMITED TO, PROCUREMENT OF SUBSTITUTE GOODS OR
  53:Drivers/STM32F7xx_HAL_Driver/Src/stm32f7xx_hal_i2c_ex.c ****   * SERVICES; LOSS OF USE, DATA, OR PROFITS; OR BUSINESS INTERRUPTION) HOWEVER
  54:Drivers/STM32F7xx_HAL_Driver/Src/stm32f7xx_hal_i2c_ex.c ****   * CAUSED AND ON ANY THEORY OF LIABILITY, WHETHER IN CONTRACT, STRICT LIABILITY,
  55:Drivers/STM32F7xx_HAL_Driver/Src/stm32f7xx_hal_i2c_ex.c ****   * OR TORT (INCLUDING NEGLIGENCE OR OTHERWISE) ARISING IN ANY WAY OUT OF THE USE
  56:Drivers/STM32F7xx_HAL_Driver/Src/stm32f7xx_hal_i2c_ex.c ****   * OF THIS SOFTWARE, EVEN IF ADVISED OF THE POSSIBILITY OF SUCH DAMAGE.
  57:Drivers/STM32F7xx_HAL_Driver/Src/stm32f7xx_hal_i2c_ex.c ****   *
  58:Drivers/STM32F7xx_HAL_Driver/Src/stm32f7xx_hal_i2c_ex.c ****   ******************************************************************************
  59:Drivers/STM32F7xx_HAL_Driver/Src/stm32f7xx_hal_i2c_ex.c ****   */
  60:Drivers/STM32F7xx_HAL_Driver/Src/stm32f7xx_hal_i2c_ex.c **** 
  61:Drivers/STM32F7xx_HAL_Driver/Src/stm32f7xx_hal_i2c_ex.c **** /* Includes ------------------------------------------------------------------*/
  62:Drivers/STM32F7xx_HAL_Driver/Src/stm32f7xx_hal_i2c_ex.c **** #include "stm32f7xx_hal.h"
  63:Drivers/STM32F7xx_HAL_Driver/Src/stm32f7xx_hal_i2c_ex.c **** 
  64:Drivers/STM32F7xx_HAL_Driver/Src/stm32f7xx_hal_i2c_ex.c **** /** @addtogroup STM32F7xx_HAL_Driver
  65:Drivers/STM32F7xx_HAL_Driver/Src/stm32f7xx_hal_i2c_ex.c ****   * @{
  66:Drivers/STM32F7xx_HAL_Driver/Src/stm32f7xx_hal_i2c_ex.c ****   */
  67:Drivers/STM32F7xx_HAL_Driver/Src/stm32f7xx_hal_i2c_ex.c **** 
  68:Drivers/STM32F7xx_HAL_Driver/Src/stm32f7xx_hal_i2c_ex.c **** /** @defgroup I2CEx I2CEx
  69:Drivers/STM32F7xx_HAL_Driver/Src/stm32f7xx_hal_i2c_ex.c ****   * @brief I2C Extended HAL module driver
  70:Drivers/STM32F7xx_HAL_Driver/Src/stm32f7xx_hal_i2c_ex.c ****   * @{
  71:Drivers/STM32F7xx_HAL_Driver/Src/stm32f7xx_hal_i2c_ex.c ****   */
  72:Drivers/STM32F7xx_HAL_Driver/Src/stm32f7xx_hal_i2c_ex.c **** 
  73:Drivers/STM32F7xx_HAL_Driver/Src/stm32f7xx_hal_i2c_ex.c **** #ifdef HAL_I2C_MODULE_ENABLED
  74:Drivers/STM32F7xx_HAL_Driver/Src/stm32f7xx_hal_i2c_ex.c **** 
  75:Drivers/STM32F7xx_HAL_Driver/Src/stm32f7xx_hal_i2c_ex.c **** /* Private typedef -----------------------------------------------------------*/
  76:Drivers/STM32F7xx_HAL_Driver/Src/stm32f7xx_hal_i2c_ex.c **** /* Private define ------------------------------------------------------------*/
  77:Drivers/STM32F7xx_HAL_Driver/Src/stm32f7xx_hal_i2c_ex.c **** /* Private macro -------------------------------------------------------------*/
  78:Drivers/STM32F7xx_HAL_Driver/Src/stm32f7xx_hal_i2c_ex.c **** /* Private variables ---------------------------------------------------------*/
  79:Drivers/STM32F7xx_HAL_Driver/Src/stm32f7xx_hal_i2c_ex.c **** /* Private function prototypes -----------------------------------------------*/
  80:Drivers/STM32F7xx_HAL_Driver/Src/stm32f7xx_hal_i2c_ex.c **** /* Private functions ---------------------------------------------------------*/
  81:Drivers/STM32F7xx_HAL_Driver/Src/stm32f7xx_hal_i2c_ex.c **** 
  82:Drivers/STM32F7xx_HAL_Driver/Src/stm32f7xx_hal_i2c_ex.c **** /** @defgroup I2CEx_Exported_Functions I2C Extended Exported Functions
  83:Drivers/STM32F7xx_HAL_Driver/Src/stm32f7xx_hal_i2c_ex.c ****   * @{
  84:Drivers/STM32F7xx_HAL_Driver/Src/stm32f7xx_hal_i2c_ex.c ****   */
  85:Drivers/STM32F7xx_HAL_Driver/Src/stm32f7xx_hal_i2c_ex.c **** 
  86:Drivers/STM32F7xx_HAL_Driver/Src/stm32f7xx_hal_i2c_ex.c **** /** @defgroup I2CEx_Exported_Functions_Group1 Extended features functions
  87:Drivers/STM32F7xx_HAL_Driver/Src/stm32f7xx_hal_i2c_ex.c ****   * @brief    Extended features functions
ARM GAS  /tmp/ccWthUEl.s 			page 3


  88:Drivers/STM32F7xx_HAL_Driver/Src/stm32f7xx_hal_i2c_ex.c ****  *
  89:Drivers/STM32F7xx_HAL_Driver/Src/stm32f7xx_hal_i2c_ex.c **** @verbatim
  90:Drivers/STM32F7xx_HAL_Driver/Src/stm32f7xx_hal_i2c_ex.c ****  ===============================================================================
  91:Drivers/STM32F7xx_HAL_Driver/Src/stm32f7xx_hal_i2c_ex.c ****                       ##### Extended features functions #####
  92:Drivers/STM32F7xx_HAL_Driver/Src/stm32f7xx_hal_i2c_ex.c ****  ===============================================================================
  93:Drivers/STM32F7xx_HAL_Driver/Src/stm32f7xx_hal_i2c_ex.c ****     [..] This section provides functions allowing to:
  94:Drivers/STM32F7xx_HAL_Driver/Src/stm32f7xx_hal_i2c_ex.c ****       (+) Configure Noise Filters
  95:Drivers/STM32F7xx_HAL_Driver/Src/stm32f7xx_hal_i2c_ex.c ****       (+) Configure Fast Mode Plus
  96:Drivers/STM32F7xx_HAL_Driver/Src/stm32f7xx_hal_i2c_ex.c **** 
  97:Drivers/STM32F7xx_HAL_Driver/Src/stm32f7xx_hal_i2c_ex.c **** @endverbatim
  98:Drivers/STM32F7xx_HAL_Driver/Src/stm32f7xx_hal_i2c_ex.c ****   * @{
  99:Drivers/STM32F7xx_HAL_Driver/Src/stm32f7xx_hal_i2c_ex.c ****   */
 100:Drivers/STM32F7xx_HAL_Driver/Src/stm32f7xx_hal_i2c_ex.c **** 
 101:Drivers/STM32F7xx_HAL_Driver/Src/stm32f7xx_hal_i2c_ex.c **** /**
 102:Drivers/STM32F7xx_HAL_Driver/Src/stm32f7xx_hal_i2c_ex.c ****   * @brief  Configure I2C Analog noise filter.
 103:Drivers/STM32F7xx_HAL_Driver/Src/stm32f7xx_hal_i2c_ex.c ****   * @param  hi2c Pointer to a I2C_HandleTypeDef structure that contains
 104:Drivers/STM32F7xx_HAL_Driver/Src/stm32f7xx_hal_i2c_ex.c ****   *                the configuration information for the specified I2Cx peripheral.
 105:Drivers/STM32F7xx_HAL_Driver/Src/stm32f7xx_hal_i2c_ex.c ****   * @param  AnalogFilter New state of the Analog filter.
 106:Drivers/STM32F7xx_HAL_Driver/Src/stm32f7xx_hal_i2c_ex.c ****   * @retval HAL status
 107:Drivers/STM32F7xx_HAL_Driver/Src/stm32f7xx_hal_i2c_ex.c ****   */
 108:Drivers/STM32F7xx_HAL_Driver/Src/stm32f7xx_hal_i2c_ex.c **** HAL_StatusTypeDef HAL_I2CEx_ConfigAnalogFilter(I2C_HandleTypeDef *hi2c, uint32_t AnalogFilter)
 109:Drivers/STM32F7xx_HAL_Driver/Src/stm32f7xx_hal_i2c_ex.c **** {
  29              		.loc 1 109 1 view -0
  30              		.cfi_startproc
  31              		@ args = 0, pretend = 0, frame = 0
  32              		@ frame_needed = 0, uses_anonymous_args = 0
  33              		@ link register save eliminated.
 110:Drivers/STM32F7xx_HAL_Driver/Src/stm32f7xx_hal_i2c_ex.c ****   /* Check the parameters */
 111:Drivers/STM32F7xx_HAL_Driver/Src/stm32f7xx_hal_i2c_ex.c ****   assert_param(IS_I2C_ALL_INSTANCE(hi2c->Instance));
  34              		.loc 1 111 3 view .LVU1
 112:Drivers/STM32F7xx_HAL_Driver/Src/stm32f7xx_hal_i2c_ex.c ****   assert_param(IS_I2C_ANALOG_FILTER(AnalogFilter));
  35              		.loc 1 112 3 view .LVU2
 113:Drivers/STM32F7xx_HAL_Driver/Src/stm32f7xx_hal_i2c_ex.c **** 
 114:Drivers/STM32F7xx_HAL_Driver/Src/stm32f7xx_hal_i2c_ex.c ****   if (hi2c->State == HAL_I2C_STATE_READY)
  36              		.loc 1 114 3 view .LVU3
  37              		.loc 1 114 11 is_stmt 0 view .LVU4
  38 0000 90F84130 		ldrb	r3, [r0, #65]	@ zero_extendqisi2
  39 0004 DBB2     		uxtb	r3, r3
  40              		.loc 1 114 6 view .LVU5
  41 0006 202B     		cmp	r3, #32
  42 0008 27D1     		bne	.L3
 115:Drivers/STM32F7xx_HAL_Driver/Src/stm32f7xx_hal_i2c_ex.c ****   {
 116:Drivers/STM32F7xx_HAL_Driver/Src/stm32f7xx_hal_i2c_ex.c ****     /* Process Locked */
 117:Drivers/STM32F7xx_HAL_Driver/Src/stm32f7xx_hal_i2c_ex.c ****     __HAL_LOCK(hi2c);
  43              		.loc 1 117 5 is_stmt 1 view .LVU6
  44              		.loc 1 117 5 view .LVU7
  45 000a 90F84030 		ldrb	r3, [r0, #64]	@ zero_extendqisi2
  46 000e 012B     		cmp	r3, #1
  47 0010 25D0     		beq	.L4
 109:Drivers/STM32F7xx_HAL_Driver/Src/stm32f7xx_hal_i2c_ex.c ****   /* Check the parameters */
  48              		.loc 1 109 1 is_stmt 0 discriminator 2 view .LVU8
  49 0012 10B4     		push	{r4}
  50              	.LCFI0:
  51              		.cfi_def_cfa_offset 4
  52              		.cfi_offset 4, -4
  53              		.loc 1 117 5 is_stmt 1 discriminator 2 view .LVU9
  54 0014 0123     		movs	r3, #1
ARM GAS  /tmp/ccWthUEl.s 			page 4


  55 0016 80F84030 		strb	r3, [r0, #64]
 118:Drivers/STM32F7xx_HAL_Driver/Src/stm32f7xx_hal_i2c_ex.c **** 
 119:Drivers/STM32F7xx_HAL_Driver/Src/stm32f7xx_hal_i2c_ex.c ****     hi2c->State = HAL_I2C_STATE_BUSY;
  56              		.loc 1 119 5 discriminator 2 view .LVU10
  57              		.loc 1 119 17 is_stmt 0 discriminator 2 view .LVU11
  58 001a 2423     		movs	r3, #36
  59 001c 80F84130 		strb	r3, [r0, #65]
 120:Drivers/STM32F7xx_HAL_Driver/Src/stm32f7xx_hal_i2c_ex.c **** 
 121:Drivers/STM32F7xx_HAL_Driver/Src/stm32f7xx_hal_i2c_ex.c ****     /* Disable the selected I2C peripheral */
 122:Drivers/STM32F7xx_HAL_Driver/Src/stm32f7xx_hal_i2c_ex.c ****     __HAL_I2C_DISABLE(hi2c);
  60              		.loc 1 122 5 is_stmt 1 discriminator 2 view .LVU12
  61 0020 0468     		ldr	r4, [r0]
  62 0022 2268     		ldr	r2, [r4]
  63 0024 22F00102 		bic	r2, r2, #1
  64 0028 2260     		str	r2, [r4]
 123:Drivers/STM32F7xx_HAL_Driver/Src/stm32f7xx_hal_i2c_ex.c **** 
 124:Drivers/STM32F7xx_HAL_Driver/Src/stm32f7xx_hal_i2c_ex.c ****     /* Reset I2Cx ANOFF bit */
 125:Drivers/STM32F7xx_HAL_Driver/Src/stm32f7xx_hal_i2c_ex.c ****     hi2c->Instance->CR1 &= ~(I2C_CR1_ANFOFF);
  65              		.loc 1 125 5 discriminator 2 view .LVU13
  66              		.loc 1 125 9 is_stmt 0 discriminator 2 view .LVU14
  67 002a 0468     		ldr	r4, [r0]
  68              		.loc 1 125 25 discriminator 2 view .LVU15
  69 002c 2268     		ldr	r2, [r4]
  70 002e 22F48052 		bic	r2, r2, #4096
  71 0032 2260     		str	r2, [r4]
 126:Drivers/STM32F7xx_HAL_Driver/Src/stm32f7xx_hal_i2c_ex.c **** 
 127:Drivers/STM32F7xx_HAL_Driver/Src/stm32f7xx_hal_i2c_ex.c ****     /* Set analog filter bit*/
 128:Drivers/STM32F7xx_HAL_Driver/Src/stm32f7xx_hal_i2c_ex.c ****     hi2c->Instance->CR1 |= AnalogFilter;
  72              		.loc 1 128 5 is_stmt 1 discriminator 2 view .LVU16
  73              		.loc 1 128 9 is_stmt 0 discriminator 2 view .LVU17
  74 0034 0268     		ldr	r2, [r0]
  75              		.loc 1 128 25 discriminator 2 view .LVU18
  76 0036 1368     		ldr	r3, [r2]
  77 0038 0B43     		orrs	r3, r3, r1
  78 003a 1360     		str	r3, [r2]
 129:Drivers/STM32F7xx_HAL_Driver/Src/stm32f7xx_hal_i2c_ex.c **** 
 130:Drivers/STM32F7xx_HAL_Driver/Src/stm32f7xx_hal_i2c_ex.c ****     __HAL_I2C_ENABLE(hi2c);
  79              		.loc 1 130 5 is_stmt 1 discriminator 2 view .LVU19
  80 003c 0268     		ldr	r2, [r0]
  81 003e 1368     		ldr	r3, [r2]
  82 0040 43F00103 		orr	r3, r3, #1
  83 0044 1360     		str	r3, [r2]
 131:Drivers/STM32F7xx_HAL_Driver/Src/stm32f7xx_hal_i2c_ex.c **** 
 132:Drivers/STM32F7xx_HAL_Driver/Src/stm32f7xx_hal_i2c_ex.c ****     hi2c->State = HAL_I2C_STATE_READY;
  84              		.loc 1 132 5 discriminator 2 view .LVU20
  85              		.loc 1 132 17 is_stmt 0 discriminator 2 view .LVU21
  86 0046 2023     		movs	r3, #32
  87 0048 80F84130 		strb	r3, [r0, #65]
 133:Drivers/STM32F7xx_HAL_Driver/Src/stm32f7xx_hal_i2c_ex.c **** 
 134:Drivers/STM32F7xx_HAL_Driver/Src/stm32f7xx_hal_i2c_ex.c ****     /* Process Unlocked */
 135:Drivers/STM32F7xx_HAL_Driver/Src/stm32f7xx_hal_i2c_ex.c ****     __HAL_UNLOCK(hi2c);
  88              		.loc 1 135 5 is_stmt 1 discriminator 2 view .LVU22
  89              		.loc 1 135 5 discriminator 2 view .LVU23
  90 004c 0023     		movs	r3, #0
  91 004e 80F84030 		strb	r3, [r0, #64]
 136:Drivers/STM32F7xx_HAL_Driver/Src/stm32f7xx_hal_i2c_ex.c **** 
 137:Drivers/STM32F7xx_HAL_Driver/Src/stm32f7xx_hal_i2c_ex.c ****     return HAL_OK;
ARM GAS  /tmp/ccWthUEl.s 			page 5


  92              		.loc 1 137 5 discriminator 2 view .LVU24
  93              		.loc 1 137 12 is_stmt 0 discriminator 2 view .LVU25
  94 0052 1846     		mov	r0, r3
  95              	.LVL1:
 138:Drivers/STM32F7xx_HAL_Driver/Src/stm32f7xx_hal_i2c_ex.c ****   }
 139:Drivers/STM32F7xx_HAL_Driver/Src/stm32f7xx_hal_i2c_ex.c ****   else
 140:Drivers/STM32F7xx_HAL_Driver/Src/stm32f7xx_hal_i2c_ex.c ****   {
 141:Drivers/STM32F7xx_HAL_Driver/Src/stm32f7xx_hal_i2c_ex.c ****     return HAL_BUSY;
 142:Drivers/STM32F7xx_HAL_Driver/Src/stm32f7xx_hal_i2c_ex.c ****   }
 143:Drivers/STM32F7xx_HAL_Driver/Src/stm32f7xx_hal_i2c_ex.c **** }
  96              		.loc 1 143 1 discriminator 2 view .LVU26
  97 0054 5DF8044B 		ldr	r4, [sp], #4
  98              	.LCFI1:
  99              		.cfi_restore 4
 100              		.cfi_def_cfa_offset 0
 101 0058 7047     		bx	lr
 102              	.LVL2:
 103              	.L3:
 141:Drivers/STM32F7xx_HAL_Driver/Src/stm32f7xx_hal_i2c_ex.c ****   }
 104              		.loc 1 141 12 view .LVU27
 105 005a 0220     		movs	r0, #2
 106              	.LVL3:
 141:Drivers/STM32F7xx_HAL_Driver/Src/stm32f7xx_hal_i2c_ex.c ****   }
 107              		.loc 1 141 12 view .LVU28
 108 005c 7047     		bx	lr
 109              	.LVL4:
 110              	.L4:
 117:Drivers/STM32F7xx_HAL_Driver/Src/stm32f7xx_hal_i2c_ex.c **** 
 111              		.loc 1 117 5 view .LVU29
 112 005e 0220     		movs	r0, #2
 113              	.LVL5:
 114              		.loc 1 143 1 view .LVU30
 115 0060 7047     		bx	lr
 116              		.cfi_endproc
 117              	.LFE138:
 119              		.section	.text.HAL_I2CEx_ConfigDigitalFilter,"ax",%progbits
 120              		.align	1
 121              		.global	HAL_I2CEx_ConfigDigitalFilter
 122              		.syntax unified
 123              		.thumb
 124              		.thumb_func
 125              		.fpu fpv5-d16
 127              	HAL_I2CEx_ConfigDigitalFilter:
 128              	.LVL6:
 129              	.LFB139:
 144:Drivers/STM32F7xx_HAL_Driver/Src/stm32f7xx_hal_i2c_ex.c **** 
 145:Drivers/STM32F7xx_HAL_Driver/Src/stm32f7xx_hal_i2c_ex.c **** /**
 146:Drivers/STM32F7xx_HAL_Driver/Src/stm32f7xx_hal_i2c_ex.c ****   * @brief  Configure I2C Digital noise filter.
 147:Drivers/STM32F7xx_HAL_Driver/Src/stm32f7xx_hal_i2c_ex.c ****   * @param  hi2c Pointer to a I2C_HandleTypeDef structure that contains
 148:Drivers/STM32F7xx_HAL_Driver/Src/stm32f7xx_hal_i2c_ex.c ****   *                the configuration information for the specified I2Cx peripheral.
 149:Drivers/STM32F7xx_HAL_Driver/Src/stm32f7xx_hal_i2c_ex.c ****   * @param  DigitalFilter Coefficient of digital noise filter between Min_Data=0x00 and Max_Data=0x
 150:Drivers/STM32F7xx_HAL_Driver/Src/stm32f7xx_hal_i2c_ex.c ****   * @retval HAL status
 151:Drivers/STM32F7xx_HAL_Driver/Src/stm32f7xx_hal_i2c_ex.c ****   */
 152:Drivers/STM32F7xx_HAL_Driver/Src/stm32f7xx_hal_i2c_ex.c **** HAL_StatusTypeDef HAL_I2CEx_ConfigDigitalFilter(I2C_HandleTypeDef *hi2c, uint32_t DigitalFilter)
 153:Drivers/STM32F7xx_HAL_Driver/Src/stm32f7xx_hal_i2c_ex.c **** {
 130              		.loc 1 153 1 is_stmt 1 view -0
 131              		.cfi_startproc
ARM GAS  /tmp/ccWthUEl.s 			page 6


 132              		@ args = 0, pretend = 0, frame = 0
 133              		@ frame_needed = 0, uses_anonymous_args = 0
 134              		@ link register save eliminated.
 154:Drivers/STM32F7xx_HAL_Driver/Src/stm32f7xx_hal_i2c_ex.c ****   uint32_t tmpreg = 0U;
 135              		.loc 1 154 3 view .LVU32
 155:Drivers/STM32F7xx_HAL_Driver/Src/stm32f7xx_hal_i2c_ex.c **** 
 156:Drivers/STM32F7xx_HAL_Driver/Src/stm32f7xx_hal_i2c_ex.c ****   /* Check the parameters */
 157:Drivers/STM32F7xx_HAL_Driver/Src/stm32f7xx_hal_i2c_ex.c ****   assert_param(IS_I2C_ALL_INSTANCE(hi2c->Instance));
 136              		.loc 1 157 3 view .LVU33
 158:Drivers/STM32F7xx_HAL_Driver/Src/stm32f7xx_hal_i2c_ex.c ****   assert_param(IS_I2C_DIGITAL_FILTER(DigitalFilter));
 137              		.loc 1 158 3 view .LVU34
 159:Drivers/STM32F7xx_HAL_Driver/Src/stm32f7xx_hal_i2c_ex.c **** 
 160:Drivers/STM32F7xx_HAL_Driver/Src/stm32f7xx_hal_i2c_ex.c ****   if (hi2c->State == HAL_I2C_STATE_READY)
 138              		.loc 1 160 3 view .LVU35
 139              		.loc 1 160 11 is_stmt 0 view .LVU36
 140 0000 90F84130 		ldrb	r3, [r0, #65]	@ zero_extendqisi2
 141 0004 DBB2     		uxtb	r3, r3
 142              		.loc 1 160 6 view .LVU37
 143 0006 202B     		cmp	r3, #32
 144 0008 25D1     		bne	.L11
 161:Drivers/STM32F7xx_HAL_Driver/Src/stm32f7xx_hal_i2c_ex.c ****   {
 162:Drivers/STM32F7xx_HAL_Driver/Src/stm32f7xx_hal_i2c_ex.c ****     /* Process Locked */
 163:Drivers/STM32F7xx_HAL_Driver/Src/stm32f7xx_hal_i2c_ex.c ****     __HAL_LOCK(hi2c);
 145              		.loc 1 163 5 is_stmt 1 view .LVU38
 146              		.loc 1 163 5 view .LVU39
 147 000a 90F84030 		ldrb	r3, [r0, #64]	@ zero_extendqisi2
 148 000e 012B     		cmp	r3, #1
 149 0010 23D0     		beq	.L12
 153:Drivers/STM32F7xx_HAL_Driver/Src/stm32f7xx_hal_i2c_ex.c ****   uint32_t tmpreg = 0U;
 150              		.loc 1 153 1 is_stmt 0 discriminator 2 view .LVU40
 151 0012 10B4     		push	{r4}
 152              	.LCFI2:
 153              		.cfi_def_cfa_offset 4
 154              		.cfi_offset 4, -4
 155              		.loc 1 163 5 is_stmt 1 discriminator 2 view .LVU41
 156 0014 0123     		movs	r3, #1
 157 0016 80F84030 		strb	r3, [r0, #64]
 164:Drivers/STM32F7xx_HAL_Driver/Src/stm32f7xx_hal_i2c_ex.c **** 
 165:Drivers/STM32F7xx_HAL_Driver/Src/stm32f7xx_hal_i2c_ex.c ****     hi2c->State = HAL_I2C_STATE_BUSY;
 158              		.loc 1 165 5 discriminator 2 view .LVU42
 159              		.loc 1 165 17 is_stmt 0 discriminator 2 view .LVU43
 160 001a 2423     		movs	r3, #36
 161 001c 80F84130 		strb	r3, [r0, #65]
 166:Drivers/STM32F7xx_HAL_Driver/Src/stm32f7xx_hal_i2c_ex.c **** 
 167:Drivers/STM32F7xx_HAL_Driver/Src/stm32f7xx_hal_i2c_ex.c ****     /* Disable the selected I2C peripheral */
 168:Drivers/STM32F7xx_HAL_Driver/Src/stm32f7xx_hal_i2c_ex.c ****     __HAL_I2C_DISABLE(hi2c);
 162              		.loc 1 168 5 is_stmt 1 discriminator 2 view .LVU44
 163 0020 0468     		ldr	r4, [r0]
 164 0022 2268     		ldr	r2, [r4]
 165 0024 22F00102 		bic	r2, r2, #1
 166 0028 2260     		str	r2, [r4]
 169:Drivers/STM32F7xx_HAL_Driver/Src/stm32f7xx_hal_i2c_ex.c **** 
 170:Drivers/STM32F7xx_HAL_Driver/Src/stm32f7xx_hal_i2c_ex.c ****     /* Get the old register value */
 171:Drivers/STM32F7xx_HAL_Driver/Src/stm32f7xx_hal_i2c_ex.c ****     tmpreg = hi2c->Instance->CR1;
 167              		.loc 1 171 5 discriminator 2 view .LVU45
 168              		.loc 1 171 18 is_stmt 0 discriminator 2 view .LVU46
 169 002a 0268     		ldr	r2, [r0]
ARM GAS  /tmp/ccWthUEl.s 			page 7


 170              		.loc 1 171 12 discriminator 2 view .LVU47
 171 002c 1368     		ldr	r3, [r2]
 172              	.LVL7:
 172:Drivers/STM32F7xx_HAL_Driver/Src/stm32f7xx_hal_i2c_ex.c **** 
 173:Drivers/STM32F7xx_HAL_Driver/Src/stm32f7xx_hal_i2c_ex.c ****     /* Reset I2Cx DNF bits [11:8] */
 174:Drivers/STM32F7xx_HAL_Driver/Src/stm32f7xx_hal_i2c_ex.c ****     tmpreg &= ~(I2C_CR1_DNF);
 173              		.loc 1 174 5 is_stmt 1 discriminator 2 view .LVU48
 174              		.loc 1 174 12 is_stmt 0 discriminator 2 view .LVU49
 175 002e 23F47063 		bic	r3, r3, #3840
 176              	.LVL8:
 175:Drivers/STM32F7xx_HAL_Driver/Src/stm32f7xx_hal_i2c_ex.c **** 
 176:Drivers/STM32F7xx_HAL_Driver/Src/stm32f7xx_hal_i2c_ex.c ****     /* Set I2Cx DNF coefficient */
 177:Drivers/STM32F7xx_HAL_Driver/Src/stm32f7xx_hal_i2c_ex.c ****     tmpreg |= DigitalFilter << 8U;
 177              		.loc 1 177 5 is_stmt 1 discriminator 2 view .LVU50
 178              		.loc 1 177 12 is_stmt 0 discriminator 2 view .LVU51
 179 0032 43EA0123 		orr	r3, r3, r1, lsl #8
 180              	.LVL9:
 178:Drivers/STM32F7xx_HAL_Driver/Src/stm32f7xx_hal_i2c_ex.c **** 
 179:Drivers/STM32F7xx_HAL_Driver/Src/stm32f7xx_hal_i2c_ex.c ****     /* Store the new register value */
 180:Drivers/STM32F7xx_HAL_Driver/Src/stm32f7xx_hal_i2c_ex.c ****     hi2c->Instance->CR1 = tmpreg;
 181              		.loc 1 180 5 is_stmt 1 discriminator 2 view .LVU52
 182              		.loc 1 180 25 is_stmt 0 discriminator 2 view .LVU53
 183 0036 1360     		str	r3, [r2]
 181:Drivers/STM32F7xx_HAL_Driver/Src/stm32f7xx_hal_i2c_ex.c **** 
 182:Drivers/STM32F7xx_HAL_Driver/Src/stm32f7xx_hal_i2c_ex.c ****     __HAL_I2C_ENABLE(hi2c);
 184              		.loc 1 182 5 is_stmt 1 discriminator 2 view .LVU54
 185 0038 0268     		ldr	r2, [r0]
 186 003a 1368     		ldr	r3, [r2]
 187              	.LVL10:
 188              		.loc 1 182 5 is_stmt 0 discriminator 2 view .LVU55
 189 003c 43F00103 		orr	r3, r3, #1
 190 0040 1360     		str	r3, [r2]
 183:Drivers/STM32F7xx_HAL_Driver/Src/stm32f7xx_hal_i2c_ex.c **** 
 184:Drivers/STM32F7xx_HAL_Driver/Src/stm32f7xx_hal_i2c_ex.c ****     hi2c->State = HAL_I2C_STATE_READY;
 191              		.loc 1 184 5 is_stmt 1 discriminator 2 view .LVU56
 192              		.loc 1 184 17 is_stmt 0 discriminator 2 view .LVU57
 193 0042 2023     		movs	r3, #32
 194 0044 80F84130 		strb	r3, [r0, #65]
 185:Drivers/STM32F7xx_HAL_Driver/Src/stm32f7xx_hal_i2c_ex.c **** 
 186:Drivers/STM32F7xx_HAL_Driver/Src/stm32f7xx_hal_i2c_ex.c ****     /* Process Unlocked */
 187:Drivers/STM32F7xx_HAL_Driver/Src/stm32f7xx_hal_i2c_ex.c ****     __HAL_UNLOCK(hi2c);
 195              		.loc 1 187 5 is_stmt 1 discriminator 2 view .LVU58
 196              		.loc 1 187 5 discriminator 2 view .LVU59
 197 0048 0023     		movs	r3, #0
 198 004a 80F84030 		strb	r3, [r0, #64]
 188:Drivers/STM32F7xx_HAL_Driver/Src/stm32f7xx_hal_i2c_ex.c **** 
 189:Drivers/STM32F7xx_HAL_Driver/Src/stm32f7xx_hal_i2c_ex.c ****     return HAL_OK;
 199              		.loc 1 189 5 discriminator 2 view .LVU60
 200              		.loc 1 189 12 is_stmt 0 discriminator 2 view .LVU61
 201 004e 1846     		mov	r0, r3
 202              	.LVL11:
 190:Drivers/STM32F7xx_HAL_Driver/Src/stm32f7xx_hal_i2c_ex.c ****   }
 191:Drivers/STM32F7xx_HAL_Driver/Src/stm32f7xx_hal_i2c_ex.c ****   else
 192:Drivers/STM32F7xx_HAL_Driver/Src/stm32f7xx_hal_i2c_ex.c ****   {
 193:Drivers/STM32F7xx_HAL_Driver/Src/stm32f7xx_hal_i2c_ex.c ****     return HAL_BUSY;
 194:Drivers/STM32F7xx_HAL_Driver/Src/stm32f7xx_hal_i2c_ex.c ****   }
 195:Drivers/STM32F7xx_HAL_Driver/Src/stm32f7xx_hal_i2c_ex.c **** }
ARM GAS  /tmp/ccWthUEl.s 			page 8


 203              		.loc 1 195 1 discriminator 2 view .LVU62
 204 0050 5DF8044B 		ldr	r4, [sp], #4
 205              	.LCFI3:
 206              		.cfi_restore 4
 207              		.cfi_def_cfa_offset 0
 208 0054 7047     		bx	lr
 209              	.LVL12:
 210              	.L11:
 193:Drivers/STM32F7xx_HAL_Driver/Src/stm32f7xx_hal_i2c_ex.c ****   }
 211              		.loc 1 193 12 view .LVU63
 212 0056 0220     		movs	r0, #2
 213              	.LVL13:
 193:Drivers/STM32F7xx_HAL_Driver/Src/stm32f7xx_hal_i2c_ex.c ****   }
 214              		.loc 1 193 12 view .LVU64
 215 0058 7047     		bx	lr
 216              	.LVL14:
 217              	.L12:
 163:Drivers/STM32F7xx_HAL_Driver/Src/stm32f7xx_hal_i2c_ex.c **** 
 218              		.loc 1 163 5 view .LVU65
 219 005a 0220     		movs	r0, #2
 220              	.LVL15:
 221              		.loc 1 195 1 view .LVU66
 222 005c 7047     		bx	lr
 223              		.cfi_endproc
 224              	.LFE139:
 226              		.section	.text.HAL_I2CEx_EnableFastModePlus,"ax",%progbits
 227              		.align	1
 228              		.global	HAL_I2CEx_EnableFastModePlus
 229              		.syntax unified
 230              		.thumb
 231              		.thumb_func
 232              		.fpu fpv5-d16
 234              	HAL_I2CEx_EnableFastModePlus:
 235              	.LVL16:
 236              	.LFB140:
 196:Drivers/STM32F7xx_HAL_Driver/Src/stm32f7xx_hal_i2c_ex.c **** 
 197:Drivers/STM32F7xx_HAL_Driver/Src/stm32f7xx_hal_i2c_ex.c **** #if  (defined(SYSCFG_PMC_I2C_PB6_FMP) || defined(SYSCFG_PMC_I2C_PB7_FMP)) || (defined(SYSCFG_PMC_I2
 198:Drivers/STM32F7xx_HAL_Driver/Src/stm32f7xx_hal_i2c_ex.c **** /**
 199:Drivers/STM32F7xx_HAL_Driver/Src/stm32f7xx_hal_i2c_ex.c ****   * @brief Enable the I2C fast mode plus driving capability.
 200:Drivers/STM32F7xx_HAL_Driver/Src/stm32f7xx_hal_i2c_ex.c ****   * @param ConfigFastModePlus Selects the pin.
 201:Drivers/STM32F7xx_HAL_Driver/Src/stm32f7xx_hal_i2c_ex.c ****   *   This parameter can be one of the @ref I2CEx_FastModePlus values
 202:Drivers/STM32F7xx_HAL_Driver/Src/stm32f7xx_hal_i2c_ex.c ****   * @note  For I2C1, fast mode plus driving capability can be enabled on all selected
 203:Drivers/STM32F7xx_HAL_Driver/Src/stm32f7xx_hal_i2c_ex.c ****   *        I2C1 pins using I2C_FASTMODEPLUS_I2C1 parameter or independently
 204:Drivers/STM32F7xx_HAL_Driver/Src/stm32f7xx_hal_i2c_ex.c ****   *        on each one of the following pins PB6, PB7, PB8 and PB9.
 205:Drivers/STM32F7xx_HAL_Driver/Src/stm32f7xx_hal_i2c_ex.c ****   * @note  For remaining I2C1 pins (PA14, PA15...) fast mode plus driving capability
 206:Drivers/STM32F7xx_HAL_Driver/Src/stm32f7xx_hal_i2c_ex.c ****   *        can be enabled only by using I2C_FASTMODEPLUS_I2C1 parameter.
 207:Drivers/STM32F7xx_HAL_Driver/Src/stm32f7xx_hal_i2c_ex.c ****   * @note  For all I2C2 pins fast mode plus driving capability can be enabled
 208:Drivers/STM32F7xx_HAL_Driver/Src/stm32f7xx_hal_i2c_ex.c ****   *        only by using I2C_FASTMODEPLUS_I2C2 parameter.
 209:Drivers/STM32F7xx_HAL_Driver/Src/stm32f7xx_hal_i2c_ex.c ****   * @note  For all I2C3 pins fast mode plus driving capability can be enabled
 210:Drivers/STM32F7xx_HAL_Driver/Src/stm32f7xx_hal_i2c_ex.c ****   *        only by using I2C_FASTMODEPLUS_I2C3 parameter.
 211:Drivers/STM32F7xx_HAL_Driver/Src/stm32f7xx_hal_i2c_ex.c ****   * @note  For all I2C4 pins fast mode plus driving capability can be enabled
 212:Drivers/STM32F7xx_HAL_Driver/Src/stm32f7xx_hal_i2c_ex.c ****   *        only by using I2C_FASTMODEPLUS_I2C4 parameter.
 213:Drivers/STM32F7xx_HAL_Driver/Src/stm32f7xx_hal_i2c_ex.c ****   * @retval None
 214:Drivers/STM32F7xx_HAL_Driver/Src/stm32f7xx_hal_i2c_ex.c ****   */
 215:Drivers/STM32F7xx_HAL_Driver/Src/stm32f7xx_hal_i2c_ex.c **** void HAL_I2CEx_EnableFastModePlus(uint32_t ConfigFastModePlus)
 216:Drivers/STM32F7xx_HAL_Driver/Src/stm32f7xx_hal_i2c_ex.c **** {
 237              		.loc 1 216 1 is_stmt 1 view -0
ARM GAS  /tmp/ccWthUEl.s 			page 9


 238              		.cfi_startproc
 239              		@ args = 0, pretend = 0, frame = 8
 240              		@ frame_needed = 0, uses_anonymous_args = 0
 241              		@ link register save eliminated.
 242              		.loc 1 216 1 is_stmt 0 view .LVU68
 243 0000 82B0     		sub	sp, sp, #8
 244              	.LCFI4:
 245              		.cfi_def_cfa_offset 8
 217:Drivers/STM32F7xx_HAL_Driver/Src/stm32f7xx_hal_i2c_ex.c ****   /* Check the parameter */
 218:Drivers/STM32F7xx_HAL_Driver/Src/stm32f7xx_hal_i2c_ex.c ****   assert_param(IS_I2C_FASTMODEPLUS(ConfigFastModePlus));
 246              		.loc 1 218 3 is_stmt 1 view .LVU69
 219:Drivers/STM32F7xx_HAL_Driver/Src/stm32f7xx_hal_i2c_ex.c **** 
 220:Drivers/STM32F7xx_HAL_Driver/Src/stm32f7xx_hal_i2c_ex.c ****   /* Enable SYSCFG clock */
 221:Drivers/STM32F7xx_HAL_Driver/Src/stm32f7xx_hal_i2c_ex.c ****   __HAL_RCC_SYSCFG_CLK_ENABLE();
 247              		.loc 1 221 3 view .LVU70
 248              	.LBB2:
 249              		.loc 1 221 3 view .LVU71
 250              		.loc 1 221 3 view .LVU72
 251 0002 084B     		ldr	r3, .L19
 252 0004 5A6C     		ldr	r2, [r3, #68]
 253 0006 42F48042 		orr	r2, r2, #16384
 254 000a 5A64     		str	r2, [r3, #68]
 255              		.loc 1 221 3 view .LVU73
 256 000c 5B6C     		ldr	r3, [r3, #68]
 257 000e 03F48043 		and	r3, r3, #16384
 258 0012 0193     		str	r3, [sp, #4]
 259              		.loc 1 221 3 view .LVU74
 260 0014 019B     		ldr	r3, [sp, #4]
 261              	.LBE2:
 222:Drivers/STM32F7xx_HAL_Driver/Src/stm32f7xx_hal_i2c_ex.c **** 
 223:Drivers/STM32F7xx_HAL_Driver/Src/stm32f7xx_hal_i2c_ex.c ****   /* Enable fast mode plus driving capability for selected pin */
 224:Drivers/STM32F7xx_HAL_Driver/Src/stm32f7xx_hal_i2c_ex.c ****   SET_BIT(SYSCFG->PMC, (uint32_t)ConfigFastModePlus);
 262              		.loc 1 224 3 view .LVU75
 263 0016 044A     		ldr	r2, .L19+4
 264 0018 5368     		ldr	r3, [r2, #4]
 265 001a 1843     		orrs	r0, r0, r3
 266              	.LVL17:
 267              		.loc 1 224 3 is_stmt 0 view .LVU76
 268 001c 5060     		str	r0, [r2, #4]
 225:Drivers/STM32F7xx_HAL_Driver/Src/stm32f7xx_hal_i2c_ex.c **** }
 269              		.loc 1 225 1 view .LVU77
 270 001e 02B0     		add	sp, sp, #8
 271              	.LCFI5:
 272              		.cfi_def_cfa_offset 0
 273              		@ sp needed
 274 0020 7047     		bx	lr
 275              	.L20:
 276 0022 00BF     		.align	2
 277              	.L19:
 278 0024 00380240 		.word	1073887232
 279 0028 00380140 		.word	1073821696
 280              		.cfi_endproc
 281              	.LFE140:
 283              		.section	.text.HAL_I2CEx_DisableFastModePlus,"ax",%progbits
 284              		.align	1
 285              		.global	HAL_I2CEx_DisableFastModePlus
 286              		.syntax unified
ARM GAS  /tmp/ccWthUEl.s 			page 10


 287              		.thumb
 288              		.thumb_func
 289              		.fpu fpv5-d16
 291              	HAL_I2CEx_DisableFastModePlus:
 292              	.LVL18:
 293              	.LFB141:
 226:Drivers/STM32F7xx_HAL_Driver/Src/stm32f7xx_hal_i2c_ex.c **** 
 227:Drivers/STM32F7xx_HAL_Driver/Src/stm32f7xx_hal_i2c_ex.c **** /**
 228:Drivers/STM32F7xx_HAL_Driver/Src/stm32f7xx_hal_i2c_ex.c ****   * @brief Disable the I2C fast mode plus driving capability.
 229:Drivers/STM32F7xx_HAL_Driver/Src/stm32f7xx_hal_i2c_ex.c ****   * @param ConfigFastModePlus Selects the pin.
 230:Drivers/STM32F7xx_HAL_Driver/Src/stm32f7xx_hal_i2c_ex.c ****   *   This parameter can be one of the @ref I2CEx_FastModePlus values
 231:Drivers/STM32F7xx_HAL_Driver/Src/stm32f7xx_hal_i2c_ex.c ****   * @note  For I2C1, fast mode plus driving capability can be disabled on all selected
 232:Drivers/STM32F7xx_HAL_Driver/Src/stm32f7xx_hal_i2c_ex.c ****   *        I2C1 pins using I2C_FASTMODEPLUS_I2C1 parameter or independently
 233:Drivers/STM32F7xx_HAL_Driver/Src/stm32f7xx_hal_i2c_ex.c ****   *        on each one of the following pins PB6, PB7, PB8 and PB9.
 234:Drivers/STM32F7xx_HAL_Driver/Src/stm32f7xx_hal_i2c_ex.c ****   * @note  For remaining I2C1 pins (PA14, PA15...) fast mode plus driving capability
 235:Drivers/STM32F7xx_HAL_Driver/Src/stm32f7xx_hal_i2c_ex.c ****   *        can be disabled only by using I2C_FASTMODEPLUS_I2C1 parameter.
 236:Drivers/STM32F7xx_HAL_Driver/Src/stm32f7xx_hal_i2c_ex.c ****   * @note  For all I2C2 pins fast mode plus driving capability can be disabled
 237:Drivers/STM32F7xx_HAL_Driver/Src/stm32f7xx_hal_i2c_ex.c ****   *        only by using I2C_FASTMODEPLUS_I2C2 parameter.
 238:Drivers/STM32F7xx_HAL_Driver/Src/stm32f7xx_hal_i2c_ex.c ****   * @note  For all I2C3 pins fast mode plus driving capability can be disabled
 239:Drivers/STM32F7xx_HAL_Driver/Src/stm32f7xx_hal_i2c_ex.c ****   *        only by using I2C_FASTMODEPLUS_I2C3 parameter.
 240:Drivers/STM32F7xx_HAL_Driver/Src/stm32f7xx_hal_i2c_ex.c ****   * @note  For all I2C4 pins fast mode plus driving capability can be disabled
 241:Drivers/STM32F7xx_HAL_Driver/Src/stm32f7xx_hal_i2c_ex.c ****   *        only by using I2C_FASTMODEPLUS_I2C4 parameter.
 242:Drivers/STM32F7xx_HAL_Driver/Src/stm32f7xx_hal_i2c_ex.c ****   * @retval None
 243:Drivers/STM32F7xx_HAL_Driver/Src/stm32f7xx_hal_i2c_ex.c ****   */
 244:Drivers/STM32F7xx_HAL_Driver/Src/stm32f7xx_hal_i2c_ex.c **** void HAL_I2CEx_DisableFastModePlus(uint32_t ConfigFastModePlus)
 245:Drivers/STM32F7xx_HAL_Driver/Src/stm32f7xx_hal_i2c_ex.c **** {
 294              		.loc 1 245 1 is_stmt 1 view -0
 295              		.cfi_startproc
 296              		@ args = 0, pretend = 0, frame = 8
 297              		@ frame_needed = 0, uses_anonymous_args = 0
 298              		@ link register save eliminated.
 299              		.loc 1 245 1 is_stmt 0 view .LVU79
 300 0000 82B0     		sub	sp, sp, #8
 301              	.LCFI6:
 302              		.cfi_def_cfa_offset 8
 246:Drivers/STM32F7xx_HAL_Driver/Src/stm32f7xx_hal_i2c_ex.c ****   /* Check the parameter */
 247:Drivers/STM32F7xx_HAL_Driver/Src/stm32f7xx_hal_i2c_ex.c ****   assert_param(IS_I2C_FASTMODEPLUS(ConfigFastModePlus));
 303              		.loc 1 247 3 is_stmt 1 view .LVU80
 248:Drivers/STM32F7xx_HAL_Driver/Src/stm32f7xx_hal_i2c_ex.c **** 
 249:Drivers/STM32F7xx_HAL_Driver/Src/stm32f7xx_hal_i2c_ex.c ****   /* Enable SYSCFG clock */
 250:Drivers/STM32F7xx_HAL_Driver/Src/stm32f7xx_hal_i2c_ex.c ****   __HAL_RCC_SYSCFG_CLK_ENABLE();
 304              		.loc 1 250 3 view .LVU81
 305              	.LBB3:
 306              		.loc 1 250 3 view .LVU82
 307              		.loc 1 250 3 view .LVU83
 308 0002 084B     		ldr	r3, .L23
 309 0004 5A6C     		ldr	r2, [r3, #68]
 310 0006 42F48042 		orr	r2, r2, #16384
 311 000a 5A64     		str	r2, [r3, #68]
 312              		.loc 1 250 3 view .LVU84
 313 000c 5B6C     		ldr	r3, [r3, #68]
 314 000e 03F48043 		and	r3, r3, #16384
 315 0012 0193     		str	r3, [sp, #4]
 316              		.loc 1 250 3 view .LVU85
 317 0014 019B     		ldr	r3, [sp, #4]
 318              	.LBE3:
 251:Drivers/STM32F7xx_HAL_Driver/Src/stm32f7xx_hal_i2c_ex.c **** 
ARM GAS  /tmp/ccWthUEl.s 			page 11


 252:Drivers/STM32F7xx_HAL_Driver/Src/stm32f7xx_hal_i2c_ex.c ****   /* Disable fast mode plus driving capability for selected pin */
 253:Drivers/STM32F7xx_HAL_Driver/Src/stm32f7xx_hal_i2c_ex.c ****   CLEAR_BIT(SYSCFG->PMC, (uint32_t)ConfigFastModePlus);
 319              		.loc 1 253 3 view .LVU86
 320 0016 044A     		ldr	r2, .L23+4
 321 0018 5368     		ldr	r3, [r2, #4]
 322 001a 23EA0000 		bic	r0, r3, r0
 323              	.LVL19:
 324              		.loc 1 253 3 is_stmt 0 view .LVU87
 325 001e 5060     		str	r0, [r2, #4]
 254:Drivers/STM32F7xx_HAL_Driver/Src/stm32f7xx_hal_i2c_ex.c **** }
 326              		.loc 1 254 1 view .LVU88
 327 0020 02B0     		add	sp, sp, #8
 328              	.LCFI7:
 329              		.cfi_def_cfa_offset 0
 330              		@ sp needed
 331 0022 7047     		bx	lr
 332              	.L24:
 333              		.align	2
 334              	.L23:
 335 0024 00380240 		.word	1073887232
 336 0028 00380140 		.word	1073821696
 337              		.cfi_endproc
 338              	.LFE141:
 340              		.text
 341              	.Letext0:
 342              		.file 2 "/home/tsm/ws/prj/cep/project-saturn/software/ctb/gcc-arm-none-eabi-8-2018-q4-major/arm-no
 343              		.file 3 "/home/tsm/ws/prj/cep/project-saturn/software/ctb/gcc-arm-none-eabi-8-2018-q4-major/arm-no
 344              		.file 4 "Drivers/CMSIS/Include/core_cm7.h"
 345              		.file 5 "Drivers/CMSIS/Device/ST/STM32F7xx/Include/system_stm32f7xx.h"
 346              		.file 6 "Drivers/CMSIS/Device/ST/STM32F7xx/Include/stm32f767xx.h"
 347              		.file 7 "/home/tsm/ws/prj/cep/project-saturn/software/ctb/gcc-arm-none-eabi-8-2018-q4-major/arm-no
 348              		.file 8 "/home/tsm/ws/prj/cep/project-saturn/software/ctb/gcc-arm-none-eabi-8-2018-q4-major/arm-no
 349              		.file 9 "/home/tsm/ws/prj/cep/project-saturn/software/ctb/gcc-arm-none-eabi-8-2018-q4-major/lib/gc
 350              		.file 10 "/home/tsm/ws/prj/cep/project-saturn/software/ctb/gcc-arm-none-eabi-8-2018-q4-major/arm-n
 351              		.file 11 "Drivers/STM32F7xx_HAL_Driver/Inc/stm32f7xx_hal_def.h"
 352              		.file 12 "Drivers/STM32F7xx_HAL_Driver/Inc/stm32f7xx_hal_dma.h"
 353              		.file 13 "Drivers/STM32F7xx_HAL_Driver/Inc/stm32f7xx_hal_i2c.h"
ARM GAS  /tmp/ccWthUEl.s 			page 12


DEFINED SYMBOLS
                            *ABS*:0000000000000000 stm32f7xx_hal_i2c_ex.c
     /tmp/ccWthUEl.s:17     .text.HAL_I2CEx_ConfigAnalogFilter:0000000000000000 $t
     /tmp/ccWthUEl.s:25     .text.HAL_I2CEx_ConfigAnalogFilter:0000000000000000 HAL_I2CEx_ConfigAnalogFilter
     /tmp/ccWthUEl.s:120    .text.HAL_I2CEx_ConfigDigitalFilter:0000000000000000 $t
     /tmp/ccWthUEl.s:127    .text.HAL_I2CEx_ConfigDigitalFilter:0000000000000000 HAL_I2CEx_ConfigDigitalFilter
     /tmp/ccWthUEl.s:227    .text.HAL_I2CEx_EnableFastModePlus:0000000000000000 $t
     /tmp/ccWthUEl.s:234    .text.HAL_I2CEx_EnableFastModePlus:0000000000000000 HAL_I2CEx_EnableFastModePlus
     /tmp/ccWthUEl.s:278    .text.HAL_I2CEx_EnableFastModePlus:0000000000000024 $d
     /tmp/ccWthUEl.s:284    .text.HAL_I2CEx_DisableFastModePlus:0000000000000000 $t
     /tmp/ccWthUEl.s:291    .text.HAL_I2CEx_DisableFastModePlus:0000000000000000 HAL_I2CEx_DisableFastModePlus
     /tmp/ccWthUEl.s:335    .text.HAL_I2CEx_DisableFastModePlus:0000000000000024 $d

NO UNDEFINED SYMBOLS
