ARM GAS  /tmp/cc6CcuHD.s 			page 1


   1              		.cpu cortex-m7
   2              		.eabi_attribute 28, 1
   3              		.eabi_attribute 20, 1
   4              		.eabi_attribute 21, 1
   5              		.eabi_attribute 23, 3
   6              		.eabi_attribute 24, 1
   7              		.eabi_attribute 25, 1
   8              		.eabi_attribute 26, 1
   9              		.eabi_attribute 30, 1
  10              		.eabi_attribute 34, 1
  11              		.eabi_attribute 18, 4
  12              		.file	"stm32f7xx_it.c"
  13              		.text
  14              	.Ltext0:
  15              		.cfi_sections	.debug_frame
  16              		.section	.text.NMI_Handler,"ax",%progbits
  17              		.align	1
  18              		.global	NMI_Handler
  19              		.arch armv7e-m
  20              		.syntax unified
  21              		.thumb
  22              		.thumb_func
  23              		.fpu fpv5-d16
  25              	NMI_Handler:
  26              	.LFB138:
  27              		.file 1 "Src/stm32f7xx_it.c"
   1:Src/stm32f7xx_it.c **** /**
   2:Src/stm32f7xx_it.c ****   ******************************************************************************
   3:Src/stm32f7xx_it.c ****   * @file    stm32f7xx_it.c
   4:Src/stm32f7xx_it.c ****   * @brief   Interrupt Service Routines.
   5:Src/stm32f7xx_it.c ****   ******************************************************************************
   6:Src/stm32f7xx_it.c ****   *
   7:Src/stm32f7xx_it.c ****   * COPYRIGHT(c) 2019 STMicroelectronics
   8:Src/stm32f7xx_it.c ****   *
   9:Src/stm32f7xx_it.c ****   * Redistribution and use in source and binary forms, with or without modification,
  10:Src/stm32f7xx_it.c ****   * are permitted provided that the following conditions are met:
  11:Src/stm32f7xx_it.c ****   *   1. Redistributions of source code must retain the above copyright notice,
  12:Src/stm32f7xx_it.c ****   *      this list of conditions and the following disclaimer.
  13:Src/stm32f7xx_it.c ****   *   2. Redistributions in binary form must reproduce the above copyright notice,
  14:Src/stm32f7xx_it.c ****   *      this list of conditions and the following disclaimer in the documentation
  15:Src/stm32f7xx_it.c ****   *      and/or other materials provided with the distribution.
  16:Src/stm32f7xx_it.c ****   *   3. Neither the name of STMicroelectronics nor the names of its contributors
  17:Src/stm32f7xx_it.c ****   *      may be used to endorse or promote products derived from this software
  18:Src/stm32f7xx_it.c ****   *      without specific prior written permission.
  19:Src/stm32f7xx_it.c ****   *
  20:Src/stm32f7xx_it.c ****   * THIS SOFTWARE IS PROVIDED BY THE COPYRIGHT HOLDERS AND CONTRIBUTORS "AS IS"
  21:Src/stm32f7xx_it.c ****   * AND ANY EXPRESS OR IMPLIED WARRANTIES, INCLUDING, BUT NOT LIMITED TO, THE
  22:Src/stm32f7xx_it.c ****   * IMPLIED WARRANTIES OF MERCHANTABILITY AND FITNESS FOR A PARTICULAR PURPOSE ARE
  23:Src/stm32f7xx_it.c ****   * DISCLAIMED. IN NO EVENT SHALL THE COPYRIGHT HOLDER OR CONTRIBUTORS BE LIABLE
  24:Src/stm32f7xx_it.c ****   * FOR ANY DIRECT, INDIRECT, INCIDENTAL, SPECIAL, EXEMPLARY, OR CONSEQUENTIAL
  25:Src/stm32f7xx_it.c ****   * DAMAGES (INCLUDING, BUT NOT LIMITED TO, PROCUREMENT OF SUBSTITUTE GOODS OR
  26:Src/stm32f7xx_it.c ****   * SERVICES; LOSS OF USE, DATA, OR PROFITS; OR BUSINESS INTERRUPTION) HOWEVER
  27:Src/stm32f7xx_it.c ****   * CAUSED AND ON ANY THEORY OF LIABILITY, WHETHER IN CONTRACT, STRICT LIABILITY,
  28:Src/stm32f7xx_it.c ****   * OR TORT (INCLUDING NEGLIGENCE OR OTHERWISE) ARISING IN ANY WAY OUT OF THE USE
  29:Src/stm32f7xx_it.c ****   * OF THIS SOFTWARE, EVEN IF ADVISED OF THE POSSIBILITY OF SUCH DAMAGE.
  30:Src/stm32f7xx_it.c ****   *
  31:Src/stm32f7xx_it.c ****   ******************************************************************************
ARM GAS  /tmp/cc6CcuHD.s 			page 2


  32:Src/stm32f7xx_it.c ****   */
  33:Src/stm32f7xx_it.c **** /* Includes ------------------------------------------------------------------*/
  34:Src/stm32f7xx_it.c **** #include "stm32f7xx_hal.h"
  35:Src/stm32f7xx_it.c **** #include "stm32f7xx.h"
  36:Src/stm32f7xx_it.c **** #include "stm32f7xx_it.h"
  37:Src/stm32f7xx_it.c **** 
  38:Src/stm32f7xx_it.c **** /* USER CODE BEGIN 0 */
  39:Src/stm32f7xx_it.c **** 
  40:Src/stm32f7xx_it.c **** /* USER CODE END 0 */
  41:Src/stm32f7xx_it.c **** 
  42:Src/stm32f7xx_it.c **** /* External variables --------------------------------------------------------*/
  43:Src/stm32f7xx_it.c **** 
  44:Src/stm32f7xx_it.c **** /******************************************************************************/
  45:Src/stm32f7xx_it.c **** /*            Cortex-M7 Processor Interruption and Exception Handlers         */ 
  46:Src/stm32f7xx_it.c **** /******************************************************************************/
  47:Src/stm32f7xx_it.c **** 
  48:Src/stm32f7xx_it.c **** /**
  49:Src/stm32f7xx_it.c **** * @brief This function handles Non maskable interrupt.
  50:Src/stm32f7xx_it.c **** */
  51:Src/stm32f7xx_it.c **** void NMI_Handler(void)
  52:Src/stm32f7xx_it.c **** {
  28              		.loc 1 52 1 view -0
  29              		.cfi_startproc
  30              		@ args = 0, pretend = 0, frame = 0
  31              		@ frame_needed = 0, uses_anonymous_args = 0
  32              		@ link register save eliminated.
  53:Src/stm32f7xx_it.c ****   /* USER CODE BEGIN NonMaskableInt_IRQn 0 */
  54:Src/stm32f7xx_it.c **** 
  55:Src/stm32f7xx_it.c ****   /* USER CODE END NonMaskableInt_IRQn 0 */
  56:Src/stm32f7xx_it.c ****   /* USER CODE BEGIN NonMaskableInt_IRQn 1 */
  57:Src/stm32f7xx_it.c **** 
  58:Src/stm32f7xx_it.c ****   /* USER CODE END NonMaskableInt_IRQn 1 */
  59:Src/stm32f7xx_it.c **** }
  33              		.loc 1 59 1 view .LVU1
  34 0000 7047     		bx	lr
  35              		.cfi_endproc
  36              	.LFE138:
  38              		.section	.text.HardFault_Handler,"ax",%progbits
  39              		.align	1
  40              		.global	HardFault_Handler
  41              		.syntax unified
  42              		.thumb
  43              		.thumb_func
  44              		.fpu fpv5-d16
  46              	HardFault_Handler:
  47              	.LFB139:
  60:Src/stm32f7xx_it.c **** 
  61:Src/stm32f7xx_it.c **** /**
  62:Src/stm32f7xx_it.c **** * @brief This function handles Hard fault interrupt.
  63:Src/stm32f7xx_it.c **** */
  64:Src/stm32f7xx_it.c **** void HardFault_Handler(void)
  65:Src/stm32f7xx_it.c **** {
  48              		.loc 1 65 1 view -0
  49              		.cfi_startproc
  50              		@ Volatile: function does not return.
  51              		@ args = 0, pretend = 0, frame = 0
  52              		@ frame_needed = 0, uses_anonymous_args = 0
ARM GAS  /tmp/cc6CcuHD.s 			page 3


  53              		@ link register save eliminated.
  54              	.L3:
  66:Src/stm32f7xx_it.c ****   /* USER CODE BEGIN HardFault_IRQn 0 */
  67:Src/stm32f7xx_it.c **** 
  68:Src/stm32f7xx_it.c ****   /* USER CODE END HardFault_IRQn 0 */
  69:Src/stm32f7xx_it.c ****   while (1)
  55              		.loc 1 69 3 discriminator 1 view .LVU3
  70:Src/stm32f7xx_it.c ****   {
  71:Src/stm32f7xx_it.c ****     /* USER CODE BEGIN W1_HardFault_IRQn 0 */
  72:Src/stm32f7xx_it.c ****     /* USER CODE END W1_HardFault_IRQn 0 */
  73:Src/stm32f7xx_it.c ****   }
  56              		.loc 1 73 3 discriminator 1 view .LVU4
  57 0000 FEE7     		b	.L3
  58              		.cfi_endproc
  59              	.LFE139:
  61              		.section	.text.MemManage_Handler,"ax",%progbits
  62              		.align	1
  63              		.global	MemManage_Handler
  64              		.syntax unified
  65              		.thumb
  66              		.thumb_func
  67              		.fpu fpv5-d16
  69              	MemManage_Handler:
  70              	.LFB140:
  74:Src/stm32f7xx_it.c ****   /* USER CODE BEGIN HardFault_IRQn 1 */
  75:Src/stm32f7xx_it.c **** 
  76:Src/stm32f7xx_it.c ****   /* USER CODE END HardFault_IRQn 1 */
  77:Src/stm32f7xx_it.c **** }
  78:Src/stm32f7xx_it.c **** 
  79:Src/stm32f7xx_it.c **** /**
  80:Src/stm32f7xx_it.c **** * @brief This function handles Memory management fault.
  81:Src/stm32f7xx_it.c **** */
  82:Src/stm32f7xx_it.c **** void MemManage_Handler(void)
  83:Src/stm32f7xx_it.c **** {
  71              		.loc 1 83 1 view -0
  72              		.cfi_startproc
  73              		@ Volatile: function does not return.
  74              		@ args = 0, pretend = 0, frame = 0
  75              		@ frame_needed = 0, uses_anonymous_args = 0
  76              		@ link register save eliminated.
  77              	.L5:
  84:Src/stm32f7xx_it.c ****   /* USER CODE BEGIN MemoryManagement_IRQn 0 */
  85:Src/stm32f7xx_it.c **** 
  86:Src/stm32f7xx_it.c ****   /* USER CODE END MemoryManagement_IRQn 0 */
  87:Src/stm32f7xx_it.c ****   while (1)
  78              		.loc 1 87 3 discriminator 1 view .LVU6
  88:Src/stm32f7xx_it.c ****   {
  89:Src/stm32f7xx_it.c ****     /* USER CODE BEGIN W1_MemoryManagement_IRQn 0 */
  90:Src/stm32f7xx_it.c ****     /* USER CODE END W1_MemoryManagement_IRQn 0 */
  91:Src/stm32f7xx_it.c ****   }
  79              		.loc 1 91 3 discriminator 1 view .LVU7
  80 0000 FEE7     		b	.L5
  81              		.cfi_endproc
  82              	.LFE140:
  84              		.section	.text.BusFault_Handler,"ax",%progbits
  85              		.align	1
  86              		.global	BusFault_Handler
ARM GAS  /tmp/cc6CcuHD.s 			page 4


  87              		.syntax unified
  88              		.thumb
  89              		.thumb_func
  90              		.fpu fpv5-d16
  92              	BusFault_Handler:
  93              	.LFB141:
  92:Src/stm32f7xx_it.c ****   /* USER CODE BEGIN MemoryManagement_IRQn 1 */
  93:Src/stm32f7xx_it.c **** 
  94:Src/stm32f7xx_it.c ****   /* USER CODE END MemoryManagement_IRQn 1 */
  95:Src/stm32f7xx_it.c **** }
  96:Src/stm32f7xx_it.c **** 
  97:Src/stm32f7xx_it.c **** /**
  98:Src/stm32f7xx_it.c **** * @brief This function handles Pre-fetch fault, memory access fault.
  99:Src/stm32f7xx_it.c **** */
 100:Src/stm32f7xx_it.c **** void BusFault_Handler(void)
 101:Src/stm32f7xx_it.c **** {
  94              		.loc 1 101 1 view -0
  95              		.cfi_startproc
  96              		@ Volatile: function does not return.
  97              		@ args = 0, pretend = 0, frame = 0
  98              		@ frame_needed = 0, uses_anonymous_args = 0
  99              		@ link register save eliminated.
 100              	.L7:
 102:Src/stm32f7xx_it.c ****   /* USER CODE BEGIN BusFault_IRQn 0 */
 103:Src/stm32f7xx_it.c **** 
 104:Src/stm32f7xx_it.c ****   /* USER CODE END BusFault_IRQn 0 */
 105:Src/stm32f7xx_it.c ****   while (1)
 101              		.loc 1 105 3 discriminator 1 view .LVU9
 106:Src/stm32f7xx_it.c ****   {
 107:Src/stm32f7xx_it.c ****     /* USER CODE BEGIN W1_BusFault_IRQn 0 */
 108:Src/stm32f7xx_it.c ****     /* USER CODE END W1_BusFault_IRQn 0 */
 109:Src/stm32f7xx_it.c ****   }
 102              		.loc 1 109 3 discriminator 1 view .LVU10
 103 0000 FEE7     		b	.L7
 104              		.cfi_endproc
 105              	.LFE141:
 107              		.section	.text.UsageFault_Handler,"ax",%progbits
 108              		.align	1
 109              		.global	UsageFault_Handler
 110              		.syntax unified
 111              		.thumb
 112              		.thumb_func
 113              		.fpu fpv5-d16
 115              	UsageFault_Handler:
 116              	.LFB142:
 110:Src/stm32f7xx_it.c ****   /* USER CODE BEGIN BusFault_IRQn 1 */
 111:Src/stm32f7xx_it.c **** 
 112:Src/stm32f7xx_it.c ****   /* USER CODE END BusFault_IRQn 1 */
 113:Src/stm32f7xx_it.c **** }
 114:Src/stm32f7xx_it.c **** 
 115:Src/stm32f7xx_it.c **** /**
 116:Src/stm32f7xx_it.c **** * @brief This function handles Undefined instruction or illegal state.
 117:Src/stm32f7xx_it.c **** */
 118:Src/stm32f7xx_it.c **** void UsageFault_Handler(void)
 119:Src/stm32f7xx_it.c **** {
 117              		.loc 1 119 1 view -0
 118              		.cfi_startproc
ARM GAS  /tmp/cc6CcuHD.s 			page 5


 119              		@ Volatile: function does not return.
 120              		@ args = 0, pretend = 0, frame = 0
 121              		@ frame_needed = 0, uses_anonymous_args = 0
 122              		@ link register save eliminated.
 123              	.L9:
 120:Src/stm32f7xx_it.c ****   /* USER CODE BEGIN UsageFault_IRQn 0 */
 121:Src/stm32f7xx_it.c **** 
 122:Src/stm32f7xx_it.c ****   /* USER CODE END UsageFault_IRQn 0 */
 123:Src/stm32f7xx_it.c ****   while (1)
 124              		.loc 1 123 3 discriminator 1 view .LVU12
 124:Src/stm32f7xx_it.c ****   {
 125:Src/stm32f7xx_it.c ****     /* USER CODE BEGIN W1_UsageFault_IRQn 0 */
 126:Src/stm32f7xx_it.c ****     /* USER CODE END W1_UsageFault_IRQn 0 */
 127:Src/stm32f7xx_it.c ****   }
 125              		.loc 1 127 3 discriminator 1 view .LVU13
 126 0000 FEE7     		b	.L9
 127              		.cfi_endproc
 128              	.LFE142:
 130              		.section	.text.SVC_Handler,"ax",%progbits
 131              		.align	1
 132              		.global	SVC_Handler
 133              		.syntax unified
 134              		.thumb
 135              		.thumb_func
 136              		.fpu fpv5-d16
 138              	SVC_Handler:
 139              	.LFB143:
 128:Src/stm32f7xx_it.c ****   /* USER CODE BEGIN UsageFault_IRQn 1 */
 129:Src/stm32f7xx_it.c **** 
 130:Src/stm32f7xx_it.c ****   /* USER CODE END UsageFault_IRQn 1 */
 131:Src/stm32f7xx_it.c **** }
 132:Src/stm32f7xx_it.c **** 
 133:Src/stm32f7xx_it.c **** /**
 134:Src/stm32f7xx_it.c **** * @brief This function handles System service call via SWI instruction.
 135:Src/stm32f7xx_it.c **** */
 136:Src/stm32f7xx_it.c **** void SVC_Handler(void)
 137:Src/stm32f7xx_it.c **** {
 140              		.loc 1 137 1 view -0
 141              		.cfi_startproc
 142              		@ args = 0, pretend = 0, frame = 0
 143              		@ frame_needed = 0, uses_anonymous_args = 0
 144              		@ link register save eliminated.
 138:Src/stm32f7xx_it.c ****   /* USER CODE BEGIN SVCall_IRQn 0 */
 139:Src/stm32f7xx_it.c **** 
 140:Src/stm32f7xx_it.c ****   /* USER CODE END SVCall_IRQn 0 */
 141:Src/stm32f7xx_it.c ****   /* USER CODE BEGIN SVCall_IRQn 1 */
 142:Src/stm32f7xx_it.c **** 
 143:Src/stm32f7xx_it.c ****   /* USER CODE END SVCall_IRQn 1 */
 144:Src/stm32f7xx_it.c **** }
 145              		.loc 1 144 1 view .LVU15
 146 0000 7047     		bx	lr
 147              		.cfi_endproc
 148              	.LFE143:
 150              		.section	.text.DebugMon_Handler,"ax",%progbits
 151              		.align	1
 152              		.global	DebugMon_Handler
 153              		.syntax unified
ARM GAS  /tmp/cc6CcuHD.s 			page 6


 154              		.thumb
 155              		.thumb_func
 156              		.fpu fpv5-d16
 158              	DebugMon_Handler:
 159              	.LFB144:
 145:Src/stm32f7xx_it.c **** 
 146:Src/stm32f7xx_it.c **** /**
 147:Src/stm32f7xx_it.c **** * @brief This function handles Debug monitor.
 148:Src/stm32f7xx_it.c **** */
 149:Src/stm32f7xx_it.c **** void DebugMon_Handler(void)
 150:Src/stm32f7xx_it.c **** {
 160              		.loc 1 150 1 view -0
 161              		.cfi_startproc
 162              		@ args = 0, pretend = 0, frame = 0
 163              		@ frame_needed = 0, uses_anonymous_args = 0
 164              		@ link register save eliminated.
 151:Src/stm32f7xx_it.c ****   /* USER CODE BEGIN DebugMonitor_IRQn 0 */
 152:Src/stm32f7xx_it.c **** 
 153:Src/stm32f7xx_it.c ****   /* USER CODE END DebugMonitor_IRQn 0 */
 154:Src/stm32f7xx_it.c ****   /* USER CODE BEGIN DebugMonitor_IRQn 1 */
 155:Src/stm32f7xx_it.c **** 
 156:Src/stm32f7xx_it.c ****   /* USER CODE END DebugMonitor_IRQn 1 */
 157:Src/stm32f7xx_it.c **** }
 165              		.loc 1 157 1 view .LVU17
 166 0000 7047     		bx	lr
 167              		.cfi_endproc
 168              	.LFE144:
 170              		.section	.text.PendSV_Handler,"ax",%progbits
 171              		.align	1
 172              		.global	PendSV_Handler
 173              		.syntax unified
 174              		.thumb
 175              		.thumb_func
 176              		.fpu fpv5-d16
 178              	PendSV_Handler:
 179              	.LFB145:
 158:Src/stm32f7xx_it.c **** 
 159:Src/stm32f7xx_it.c **** /**
 160:Src/stm32f7xx_it.c **** * @brief This function handles Pendable request for system service.
 161:Src/stm32f7xx_it.c **** */
 162:Src/stm32f7xx_it.c **** void PendSV_Handler(void)
 163:Src/stm32f7xx_it.c **** {
 180              		.loc 1 163 1 view -0
 181              		.cfi_startproc
 182              		@ args = 0, pretend = 0, frame = 0
 183              		@ frame_needed = 0, uses_anonymous_args = 0
 184              		@ link register save eliminated.
 164:Src/stm32f7xx_it.c ****   /* USER CODE BEGIN PendSV_IRQn 0 */
 165:Src/stm32f7xx_it.c **** 
 166:Src/stm32f7xx_it.c ****   /* USER CODE END PendSV_IRQn 0 */
 167:Src/stm32f7xx_it.c ****   /* USER CODE BEGIN PendSV_IRQn 1 */
 168:Src/stm32f7xx_it.c **** 
 169:Src/stm32f7xx_it.c ****   /* USER CODE END PendSV_IRQn 1 */
 170:Src/stm32f7xx_it.c **** }
 185              		.loc 1 170 1 view .LVU19
 186 0000 7047     		bx	lr
 187              		.cfi_endproc
ARM GAS  /tmp/cc6CcuHD.s 			page 7


 188              	.LFE145:
 190              		.section	.text.SysTick_Handler,"ax",%progbits
 191              		.align	1
 192              		.global	SysTick_Handler
 193              		.syntax unified
 194              		.thumb
 195              		.thumb_func
 196              		.fpu fpv5-d16
 198              	SysTick_Handler:
 199              	.LFB146:
 171:Src/stm32f7xx_it.c **** 
 172:Src/stm32f7xx_it.c **** /**
 173:Src/stm32f7xx_it.c **** * @brief This function handles System tick timer.
 174:Src/stm32f7xx_it.c **** */
 175:Src/stm32f7xx_it.c **** void SysTick_Handler(void)
 176:Src/stm32f7xx_it.c **** {
 200              		.loc 1 176 1 view -0
 201              		.cfi_startproc
 202              		@ args = 0, pretend = 0, frame = 0
 203              		@ frame_needed = 0, uses_anonymous_args = 0
 204 0000 08B5     		push	{r3, lr}
 205              	.LCFI0:
 206              		.cfi_def_cfa_offset 8
 207              		.cfi_offset 3, -8
 208              		.cfi_offset 14, -4
 177:Src/stm32f7xx_it.c ****   /* USER CODE BEGIN SysTick_IRQn 0 */
 178:Src/stm32f7xx_it.c **** 
 179:Src/stm32f7xx_it.c ****   /* USER CODE END SysTick_IRQn 0 */
 180:Src/stm32f7xx_it.c ****   HAL_IncTick();
 209              		.loc 1 180 3 view .LVU21
 210 0002 FFF7FEFF 		bl	HAL_IncTick
 211              	.LVL0:
 181:Src/stm32f7xx_it.c ****   HAL_SYSTICK_IRQHandler();
 212              		.loc 1 181 3 view .LVU22
 213 0006 FFF7FEFF 		bl	HAL_SYSTICK_IRQHandler
 214              	.LVL1:
 182:Src/stm32f7xx_it.c ****   /* USER CODE BEGIN SysTick_IRQn 1 */
 183:Src/stm32f7xx_it.c **** 
 184:Src/stm32f7xx_it.c ****   /* USER CODE END SysTick_IRQn 1 */
 185:Src/stm32f7xx_it.c **** }
 215              		.loc 1 185 1 is_stmt 0 view .LVU23
 216 000a 08BD     		pop	{r3, pc}
 217              		.cfi_endproc
 218              	.LFE146:
 220              		.text
 221              	.Letext0:
 222              		.file 2 "/home/tsm/ws/prj/cep/project-saturn/software/ctb/gcc-arm-none-eabi-8-2018-q4-major/arm-no
 223              		.file 3 "/home/tsm/ws/prj/cep/project-saturn/software/ctb/gcc-arm-none-eabi-8-2018-q4-major/arm-no
 224              		.file 4 "Drivers/CMSIS/Include/core_cm7.h"
 225              		.file 5 "Drivers/CMSIS/Device/ST/STM32F7xx/Include/system_stm32f7xx.h"
 226              		.file 6 "/home/tsm/ws/prj/cep/project-saturn/software/ctb/gcc-arm-none-eabi-8-2018-q4-major/arm-no
 227              		.file 7 "/home/tsm/ws/prj/cep/project-saturn/software/ctb/gcc-arm-none-eabi-8-2018-q4-major/arm-no
 228              		.file 8 "/home/tsm/ws/prj/cep/project-saturn/software/ctb/gcc-arm-none-eabi-8-2018-q4-major/lib/gc
 229              		.file 9 "/home/tsm/ws/prj/cep/project-saturn/software/ctb/gcc-arm-none-eabi-8-2018-q4-major/arm-no
 230              		.file 10 "Drivers/STM32F7xx_HAL_Driver/Inc/stm32f7xx_hal.h"
 231              		.file 11 "Drivers/STM32F7xx_HAL_Driver/Inc/stm32f7xx_hal_cortex.h"
ARM GAS  /tmp/cc6CcuHD.s 			page 8


DEFINED SYMBOLS
                            *ABS*:0000000000000000 stm32f7xx_it.c
     /tmp/cc6CcuHD.s:17     .text.NMI_Handler:0000000000000000 $t
     /tmp/cc6CcuHD.s:25     .text.NMI_Handler:0000000000000000 NMI_Handler
     /tmp/cc6CcuHD.s:39     .text.HardFault_Handler:0000000000000000 $t
     /tmp/cc6CcuHD.s:46     .text.HardFault_Handler:0000000000000000 HardFault_Handler
     /tmp/cc6CcuHD.s:62     .text.MemManage_Handler:0000000000000000 $t
     /tmp/cc6CcuHD.s:69     .text.MemManage_Handler:0000000000000000 MemManage_Handler
     /tmp/cc6CcuHD.s:85     .text.BusFault_Handler:0000000000000000 $t
     /tmp/cc6CcuHD.s:92     .text.BusFault_Handler:0000000000000000 BusFault_Handler
     /tmp/cc6CcuHD.s:108    .text.UsageFault_Handler:0000000000000000 $t
     /tmp/cc6CcuHD.s:115    .text.UsageFault_Handler:0000000000000000 UsageFault_Handler
     /tmp/cc6CcuHD.s:131    .text.SVC_Handler:0000000000000000 $t
     /tmp/cc6CcuHD.s:138    .text.SVC_Handler:0000000000000000 SVC_Handler
     /tmp/cc6CcuHD.s:151    .text.DebugMon_Handler:0000000000000000 $t
     /tmp/cc6CcuHD.s:158    .text.DebugMon_Handler:0000000000000000 DebugMon_Handler
     /tmp/cc6CcuHD.s:171    .text.PendSV_Handler:0000000000000000 $t
     /tmp/cc6CcuHD.s:178    .text.PendSV_Handler:0000000000000000 PendSV_Handler
     /tmp/cc6CcuHD.s:191    .text.SysTick_Handler:0000000000000000 $t
     /tmp/cc6CcuHD.s:198    .text.SysTick_Handler:0000000000000000 SysTick_Handler

UNDEFINED SYMBOLS
HAL_IncTick
HAL_SYSTICK_IRQHandler
